[2024-11-28T16:15:54.304] [ERROR] middleware - [POST] /api/v1/auth/signup >> StatusCode:: 500, Message:: Cannot read properties of undefined (reading 'set')
[2024-11-28T16:17:26.383] [ERROR] middleware - [POST] /api/v1/auth/signup >> StatusCode:: 500, Message:: Cannot read properties of undefined (reading 'set')
[2024-11-28T16:18:55.347] [ERROR] middleware - [POST] /api/v1/auth/signup >> StatusCode:: 500, Message:: Cannot read properties of undefined (reading 'set')
[2024-11-28T16:19:15.329] [ERROR] middleware - [POST] /api/v1/auth/signup >> StatusCode:: 500, Message:: result is not defined
[2024-11-28T16:30:06.146] [ERROR] middleware - [POST] /api/v1/auth/signup >> StatusCode:: 500, Message:: this.redisClient.set is not a function
[2024-11-28T16:37:36.321] [ERROR] middleware - [POST] /api/v1/auth/signup >> StatusCode:: 500, Message:: Cannot access 'result' before initialization
[2024-11-29T15:00:23.995] [ERROR] middleware - [POST] /api/v1/auth/signup >> StatusCode:: 500, Message:: val is not defined
[2024-11-29T15:10:12.778] [ERROR] middleware - [POST] /api/v1/auth/signup >> StatusCode:: 500, Message:: Cannot read properties of null (reading 'create')
[2024-11-29T15:13:34.232] [ERROR] middleware - [POST] /api/v1/auth/signup >> StatusCode:: 500, Message:: newuser.save is not a function
[2024-11-29T15:15:42.525] [ERROR] middleware - [POST] /api/v1/auth/signup >> StatusCode:: 409, Message:: Email already exists , Please use different email
[2024-11-29T15:16:47.256] [ERROR] middleware - [POST] /api/v1/auth/signup >> StatusCode:: 409, Message:: Email already exists , Please use different email
[2024-11-29T15:17:11.912] [ERROR] middleware - [POST] /api/v1/auth/signup >> StatusCode:: 409, Message:: Email already exists , Please use different email
[2024-11-29T15:50:46.166] [ERROR] middleware - [POST] /api/v1/auth/signup >> StatusCode:: 409, Message:: Email already exists , Please use different email
[2024-12-12T16:51:03.304] [ERROR] auth.socket.middleware - HTTPException [Error]: Unauthorized. You must authenticate before accessing this resource.
    at Array.AuthSocket (/home/tushar/Desktop/Testing/src/middleware/auth.socket.middleware.js:12:20)
    at run (/home/tushar/Desktop/Testing/node_modules/socket.io/dist/namespace.js:130:19)
    at Namespace.run (/home/tushar/Desktop/Testing/node_modules/socket.io/dist/namespace.js:141:9)
    at Namespace._add (/home/tushar/Desktop/Testing/node_modules/socket.io/dist/namespace.js:218:14)
    at process.processTicksAndRejections (node:internal/process/task_queues:95:5) {
  status: 401,
  data: undefined
}
[2024-12-12T16:52:48.699] [ERROR] auth.socket.middleware - HTTPException [Error]: Unauthorized. You must authenticate before accessing this resource.
    at Array.AuthSocket (/home/tushar/Desktop/Testing/src/middleware/auth.socket.middleware.js:12:20)
    at run (/home/tushar/Desktop/Testing/node_modules/socket.io/dist/namespace.js:130:19)
    at Namespace.run (/home/tushar/Desktop/Testing/node_modules/socket.io/dist/namespace.js:141:9)
    at Namespace._add (/home/tushar/Desktop/Testing/node_modules/socket.io/dist/namespace.js:218:14)
    at process.processTicksAndRejections (node:internal/process/task_queues:95:5) {
  status: 401,
  data: undefined
}
[2024-12-12T16:55:23.625] [ERROR] auth.socket.middleware - HTTPException [Error]: Unauthorized. You must authenticate before accessing this resource.
    at Array.AuthSocket (/home/tushar/Desktop/Testing/src/middleware/auth.socket.middleware.js:12:20)
    at run (/home/tushar/Desktop/Testing/node_modules/socket.io/dist/namespace.js:130:19)
    at Namespace.run (/home/tushar/Desktop/Testing/node_modules/socket.io/dist/namespace.js:141:9)
    at Namespace._add (/home/tushar/Desktop/Testing/node_modules/socket.io/dist/namespace.js:218:14)
    at process.processTicksAndRejections (node:internal/process/task_queues:95:5) {
  status: 401,
  data: undefined
}
[2024-12-12T16:56:32.198] [ERROR] auth.socket.middleware - HTTPException [Error]: Unauthorized. You must authenticate before accessing this resource.
    at Array.AuthSocket (/home/tushar/Desktop/Testing/src/middleware/auth.socket.middleware.js:12:20)
    at run (/home/tushar/Desktop/Testing/node_modules/socket.io/dist/namespace.js:130:19)
    at Namespace.run (/home/tushar/Desktop/Testing/node_modules/socket.io/dist/namespace.js:141:9)
    at Namespace._add (/home/tushar/Desktop/Testing/node_modules/socket.io/dist/namespace.js:218:14)
    at process.processTicksAndRejections (node:internal/process/task_queues:95:5) {
  status: 401,
  data: undefined
}
[2024-12-12T16:58:14.606] [ERROR] chat-handler - Cannot read properties of undefined (reading 'user')
[2024-12-12T17:04:52.514] [ERROR] chat-handler - Cannot read properties of undefined (reading 'user')
[2024-12-12T17:08:19.877] [ERROR] chat-handler - Cannot read properties of undefined (reading 'user')
[2024-12-12T17:10:40.522] [ERROR] chat-handler - Cannot read properties of undefined (reading 'user')
[2024-12-12T17:10:43.503] [ERROR] chat-handler - Cannot read properties of undefined (reading 'user')
[2024-12-16T16:58:44.687] [ERROR] middleware - [POST] /api/v1/auth/signup >> StatusCode:: 500, Message:: User validation failed: name: Path `name` is required., email: Path `email` is required., usertype: Path `usertype` is required., password: Path `password` is required.
[2024-12-16T17:00:15.372] [ERROR] middleware - [POST] /api/v1/auth/signup >> StatusCode:: 500, Message:: User validation failed: name: Path `name` is required., email: Path `email` is required., usertype: Path `usertype` is required., password: Path `password` is required.
[2024-12-16T17:03:55.414] [ERROR] middleware - [POST] /api/v1/auth/signup >> StatusCode:: 409, Message:: Email already exists , Please use different email
[2024-12-16T17:23:02.987] [ERROR] middleware - [POST] /api/v1/auth/signup >> StatusCode:: 500, Message:: User validation failed: name: Path `name` is required., email: Path `email` is required., usertype: Path `usertype` is required., password: Path `password` is required.
[2024-12-16T17:29:54.489] [ERROR] middleware - [POST] /api/v1/auth/login >> StatusCode:: 500, Message:: errorCodes is not defined
[2024-12-16T17:34:13.006] [ERROR] middleware - [POST] /api/v1/auth/login >> StatusCode:: 500, Message:: errorCodes is not defined
[2024-12-16T17:36:26.149] [ERROR] middleware - [POST] /api/v1/auth/login >> StatusCode:: 500, Message:: errorCodes is not defined
[2024-12-16T17:38:27.818] [ERROR] middleware - [POST] /api/v1/auth/login >> StatusCode:: 401, Message:: Email is required.
[2024-12-16T17:38:50.226] [ERROR] middleware - [POST] /api/v1/auth/login >> StatusCode:: 401, Message:: Email is required.
[2024-12-16T17:39:43.830] [ERROR] middleware - [POST] /api/v1/auth/login >> StatusCode:: 401, Message:: Provide a valid email for authenticity.
[2024-12-16T17:42:02.894] [ERROR] middleware - [POST] /api/v1/auth/login >> StatusCode:: 401, Message:: Password is required.
[2024-12-16T17:42:20.095] [ERROR] middleware - [POST] /api/v1/auth/login >> StatusCode:: 401, Message:: Password must be at least 8 characters long and include one uppercase letter, one lowercase letter, one digit, and one special character.
[2024-12-16T17:42:58.479] [ERROR] middleware - [POST] /api/v1/auth/login >> StatusCode:: 401, Message:: Inavalid password
[2024-12-16T17:46:59.007] [ERROR] middleware - [POST] /api/v1/auth/signup >> StatusCode:: 500, Message:: User validation failed: usertype: Path `usertype` is required.
[2024-12-16T17:47:49.278] [ERROR] middleware - [POST] /api/v1/auth/login >> StatusCode:: 401, Message:: Provide a valid email for authenticity.
[2024-12-16T17:48:38.061] [ERROR] middleware - [POST] /api/v1/auth/login >> StatusCode:: 401, Message:: Inavalid password
[2024-12-16T17:53:10.905] [ERROR] middleware - [POST] /api/v1/auth/signup >> StatusCode:: 500, Message:: errorType is not defined
[2024-12-16T17:54:46.792] [ERROR] middleware - [POST] /api/v1/auth/signup >> StatusCode:: 401, Message:: Inavalid password
[2024-12-16T18:10:01.930] [ERROR] middleware - [POST] /api/v1/auth/login >> StatusCode:: 500, Message:: User.passwordMatched is not a function
[2024-12-16T18:10:38.382] [ERROR] middleware - [POST] /api/v1/auth/login >> StatusCode:: 500, Message:: User.passwordMatched is not a function
[2024-12-16T18:12:54.694] [ERROR] middleware - [POST] /api/v1/auth/login >> StatusCode:: 500, Message:: userexist.passwordMatched is not a function
[2024-12-16T18:13:24.039] [ERROR] middleware - [POST] /api/v1/auth/login >> StatusCode:: 500, Message:: userexist.passwordMatched is not a function
[2024-12-16T18:17:46.071] [ERROR] middleware - [POST] /api/v1/auth/login >> StatusCode:: 404, Message:: Something went wrong
[2024-12-16T18:23:21.177] [ERROR] middleware - [POST] /api/v1/auth/login >> StatusCode:: 500, Message:: Cannot read properties of undefined (reading '0')
[2024-12-16T18:25:14.941] [ERROR] middleware - [POST] /api/v1/auth/login >> StatusCode:: 404, Message:: User Does not exist.
[2024-12-16T18:30:02.804] [ERROR] middleware - [POST] /api/v1/auth/login >> StatusCode:: 401, Message:: U
[2024-12-16T18:30:30.207] [ERROR] middleware - [POST] /api/v1/auth/login >> StatusCode:: 401, Message:: U
[2024-12-16T18:31:26.120] [ERROR] middleware - [POST] /api/v1/auth/login >> StatusCode:: 401, Message:: Unauthorized. You must authenticate before accessing this resource.
[2024-12-17T11:22:50.834] [ERROR] middleware - [GET] /api/v1/user/getuserdetail >> StatusCode:: 500, Message:: jwt malformed
[2024-12-17T11:26:48.542] [ERROR] middleware - [GET] /api/v1/user/getuserdetail >> StatusCode:: 500, Message:: jwt malformed
[2024-12-17T11:28:04.478] [ERROR] middleware - [GET] /api/v1/user/getuserdetail >> StatusCode:: 500, Message:: jwt malformed
[2024-12-17T11:28:39.232] [ERROR] middleware - [GET] /api/v1/user/getuserdetail >> StatusCode:: 500, Message:: jwt malformed
[2024-12-17T11:29:17.442] [ERROR] middleware - [GET] /api/v1/user/getuserdetail >> StatusCode:: 500, Messagereq.body:: jwt must be a string
[2024-12-17T11:29:38.431] [ERROR] middleware - [GET] /api/v1/user/getuserdetail >> StatusCode:: 500, Message:: jwt must be a string
[2024-12-17T11:31:13.036] [ERROR] middleware - [GET] /api/v1/user/getuserdetail >> StatusCode:: 500, Message:: jwt must be a string
[2024-12-17T11:33:49.555] [ERROR] middleware - [GET] /api/v1/user/getuserdetail >> StatusCode:: 500, Message:: jwt malformed
[2024-12-17T11:36:27.422] [ERROR] middleware - [GET] /api/v1/user/getuserdetail >> StatusCode:: 500, Message:: jwt malformed
[2024-12-17T11:46:08.830] [ERROR] middleware - [GET] /api/v1/user/getuserdetail >> StatusCode:: 500, Message:: jwt malformed
[2024-12-17T11:47:49.771] [ERROR] middleware - [GET] /api/v1/user/getuserdetail >> StatusCode:: 500, Message:: jwt malformed
[2024-12-17T11:51:06.198] [ERROR] middleware - [GET] /api/v1/user/getuserdetail >> StatusCode:: 500, Message:: jwt malformed
[2024-12-17T11:51:54.157] [ERROR] middleware - [GET] /api/v1/user/getuserdetail >> StatusCode:: 500, Message:: jwt malformed
[2024-12-17T11:52:32.952] [ERROR] middleware - [GET] /api/v1/user/getuserdetail >> StatusCode:: 500, Message:: jwt malformed
[2024-12-17T11:56:35.866] [ERROR] middleware - [GET] /api/v1/user/getuserdetail >> StatusCode:: 500, Message:: jwt malformed
[2024-12-17T11:58:10.133] [ERROR] middleware - [GET] /api/v1/user/getuserdetail >> StatusCode:: 500, Message:: jwt malformed
[2024-12-17T11:58:16.884] [ERROR] middleware - [GET] /api/v1/user/getuserdetail >> StatusCode:: 500, Message:: jwt malformed
[2024-12-17T11:59:27.285] [ERROR] middleware - [GET] /api/v1/user/getuserdetail >> StatusCode:: 500, Message:: jwt malformed
[2024-12-17T12:03:39.461] [ERROR] middleware - [GET] /api/v1/user/getuserdetail >> StatusCode:: 500, Message:: z is not defined
[2024-12-17T12:04:16.282] [ERROR] middleware - [GET] /api/v1/user/getuserdetail >> StatusCode:: 500, Message:: jwt malformed
[2024-12-17T12:06:33.295] [ERROR] middleware - [GET] /api/v1/user/getuserdetail >> StatusCode:: 500, Message:: jwt malformed
[2024-12-17T12:14:37.663] [ERROR] middleware - [GET] /api/v1/user/getuserdetail >> StatusCode:: 500, Message:: Cannot do exclusion on field password in inclusion projection
[2024-12-17T12:17:28.466] [ERROR] middleware - [GET] /api/v1/user/getuserdetail >> StatusCode:: 500, Message:: Cannot do exclusion on field password in inclusion projection
[2024-12-17T12:26:20.368] [ERROR] middleware - [GET] /api/v1/user/getuserdetail >> StatusCode:: 500, Message:: validemail is not defined
[2024-12-17T12:27:14.965] [ERROR] middleware - [GET] /api/v1/user/getuserdetail >> StatusCode:: 500, Message:: Cannot read properties of undefined (reading 'detail')
[2024-12-17T12:27:35.914] [ERROR] middleware - [GET] /api/v1/user/getuserdetail >> StatusCode:: 500, Message:: Cannot read properties of undefined (reading 'details')
[2024-12-19T16:25:09.435] [ERROR] chat-handler - Cannot read properties of undefined (reading 'user')
[2024-12-19T16:25:39.109] [ERROR] chat-handler - Cannot read properties of undefined (reading 'user')
[2024-12-19T16:26:38.232] [ERROR] chat-handler - Cannot read properties of undefined (reading 'user')
[2024-12-19T16:27:11.063] [ERROR] chat-handler - Cannot read properties of undefined (reading 'user')
[2024-12-19T16:27:12.915] [ERROR] chat-handler - Cannot read properties of undefined (reading 'user')
[2024-12-19T16:27:45.855] [ERROR] chat-handler - Cannot read properties of undefined (reading 'user')
[2024-12-19T16:27:46.843] [ERROR] chat-handler - Cannot read properties of undefined (reading 'user')
[2024-12-19T16:28:27.467] [ERROR] chat-handler - Cannot read properties of undefined (reading 'user')
[2024-12-19T16:28:27.525] [ERROR] chat-handler - Cannot read properties of undefined (reading 'user')
[2024-12-19T16:28:33.681] [ERROR] chat-handler - Cannot read properties of undefined (reading 'user')
[2024-12-19T16:28:37.245] [ERROR] chat-handler - Cannot read properties of undefined (reading 'user')
[2024-12-19T16:40:56.516] [ERROR] auth.socket.middleware - HTTPException [Error]: Unauthorized. You must authenticate before accessing this resource.
    at Array.AuthSocket (/home/tushar/Desktop/Testing/src/middleware/auth.socket.middleware.js:13:20)
    at run (/home/tushar/Desktop/Testing/node_modules/socket.io/dist/namespace.js:130:19)
    at Namespace.run (/home/tushar/Desktop/Testing/node_modules/socket.io/dist/namespace.js:141:9)
    at Namespace._add (/home/tushar/Desktop/Testing/node_modules/socket.io/dist/namespace.js:218:14)
    at process.processTicksAndRejections (node:internal/process/task_queues:95:5) {
  status: 401,
  data: undefined
}
[2024-12-19T16:40:56.534] [ERROR] auth.socket.middleware - HTTPException [Error]: Unauthorized. You must authenticate before accessing this resource.
    at Array.AuthSocket (/home/tushar/Desktop/Testing/src/middleware/auth.socket.middleware.js:13:20)
    at run (/home/tushar/Desktop/Testing/node_modules/socket.io/dist/namespace.js:130:19)
    at Namespace.run (/home/tushar/Desktop/Testing/node_modules/socket.io/dist/namespace.js:141:9)
    at Namespace._add (/home/tushar/Desktop/Testing/node_modules/socket.io/dist/namespace.js:218:14)
    at process.processTicksAndRejections (node:internal/process/task_queues:95:5) {
  status: 401,
  data: undefined
}
[2024-12-19T16:40:58.416] [ERROR] auth.socket.middleware - HTTPException [Error]: Unauthorized. You must authenticate before accessing this resource.
    at Array.AuthSocket (/home/tushar/Desktop/Testing/src/middleware/auth.socket.middleware.js:13:20)
    at run (/home/tushar/Desktop/Testing/node_modules/socket.io/dist/namespace.js:130:19)
    at Namespace.run (/home/tushar/Desktop/Testing/node_modules/socket.io/dist/namespace.js:141:9)
    at Namespace._add (/home/tushar/Desktop/Testing/node_modules/socket.io/dist/namespace.js:218:14)
    at process.processTicksAndRejections (node:internal/process/task_queues:95:5) {
  status: 401,
  data: undefined
}
[2024-12-19T16:40:59.420] [ERROR] auth.socket.middleware - HTTPException [Error]: Unauthorized. You must authenticate before accessing this resource.
    at Array.AuthSocket (/home/tushar/Desktop/Testing/src/middleware/auth.socket.middleware.js:13:20)
    at run (/home/tushar/Desktop/Testing/node_modules/socket.io/dist/namespace.js:130:19)
    at Namespace.run (/home/tushar/Desktop/Testing/node_modules/socket.io/dist/namespace.js:141:9)
    at Namespace._add (/home/tushar/Desktop/Testing/node_modules/socket.io/dist/namespace.js:218:14)
    at process.processTicksAndRejections (node:internal/process/task_queues:95:5) {
  status: 401,
  data: undefined
}
[2024-12-19T16:40:59.449] [ERROR] auth.socket.middleware - HTTPException [Error]: Unauthorized. You must authenticate before accessing this resource.
    at Array.AuthSocket (/home/tushar/Desktop/Testing/src/middleware/auth.socket.middleware.js:13:20)
    at run (/home/tushar/Desktop/Testing/node_modules/socket.io/dist/namespace.js:130:19)
    at Namespace.run (/home/tushar/Desktop/Testing/node_modules/socket.io/dist/namespace.js:141:9)
    at Namespace._add (/home/tushar/Desktop/Testing/node_modules/socket.io/dist/namespace.js:218:14)
    at process.processTicksAndRejections (node:internal/process/task_queues:95:5) {
  status: 401,
  data: undefined
}
[2024-12-19T17:38:36.847] [ERROR] middleware - [GET] /api/v1/auth/forget-password >> StatusCode:: 500, Message:: req is not defined
[2024-12-19T17:48:09.933] [ERROR] middleware - [GET] /api/v1/auth/forget-password >> StatusCode:: 500, Message:: RedisClient.set is not a function
[2024-12-19T17:58:58.495] [ERROR] node.mailer - Invalid Email Purpose
[2024-12-19T17:58:58.588] [ERROR] node.mailer - Error in SendMail Error: getaddrinfo EAI_AGAIN gmail
    at GetAddrInfoReqWrap.onlookupall [as oncomplete] (node:dns:120:26) {
  errno: -3001,
  code: 'EDNS',
  syscall: 'getaddrinfo',
  hostname: 'gmail',
  command: 'CONN'
}
[2024-12-19T18:01:22.463] [ERROR] node.mailer - Invalid Email Purpose
[2024-12-19T18:01:24.851] [ERROR] node.mailer - Error in SendMail Error: Invalid login: 535-5.7.8 Username and Password not accepted. For more information, go to
535 5.7.8  https://support.google.com/mail/?p=BadCredentials d9443c01a7336-219dc9d4458sm11244015ad.114 - gsmtp
    at SMTPConnection._formatError (/home/tushar/Desktop/Testing/node_modules/nodemailer/lib/smtp-connection/index.js:807:19)
    at SMTPConnection._actionAUTHComplete (/home/tushar/Desktop/Testing/node_modules/nodemailer/lib/smtp-connection/index.js:1586:34)
    at SMTPConnection.<anonymous> (/home/tushar/Desktop/Testing/node_modules/nodemailer/lib/smtp-connection/index.js:554:26)
    at SMTPConnection._processResponse (/home/tushar/Desktop/Testing/node_modules/nodemailer/lib/smtp-connection/index.js:991:20)
    at SMTPConnection._onData (/home/tushar/Desktop/Testing/node_modules/nodemailer/lib/smtp-connection/index.js:772:14)
    at SMTPConnection._onSocketData (/home/tushar/Desktop/Testing/node_modules/nodemailer/lib/smtp-connection/index.js:195:44)
    at TLSSocket.emit (node:events:519:28)
    at addChunk (node:internal/streams/readable:559:12)
    at readableAddChunkPushByteMode (node:internal/streams/readable:510:3)
    at Readable.push (node:internal/streams/readable:390:5) {
  code: 'EAUTH',
  response: '535-5.7.8 Username and Password not accepted. For more information, go to\n' +
    '535 5.7.8  https://support.google.com/mail/?p=BadCredentials d9443c01a7336-219dc9d4458sm11244015ad.114 - gsmtp',
  responseCode: 535,
  command: 'AUTH PLAIN'
}
[2024-12-19T18:03:17.603] [ERROR] node.mailer - Invalid Email Purpose
[2024-12-19T18:03:19.896] [ERROR] node.mailer - Error in SendMail Error: Invalid login: 535-5.7.8 Username and Password not accepted. For more information, go to
535 5.7.8  https://support.google.com/mail/?p=BadCredentials d2e1a72fcca58-72aad816171sm1178530b3a.10 - gsmtp
    at SMTPConnection._formatError (/home/tushar/Desktop/Testing/node_modules/nodemailer/lib/smtp-connection/index.js:807:19)
    at SMTPConnection._actionAUTHComplete (/home/tushar/Desktop/Testing/node_modules/nodemailer/lib/smtp-connection/index.js:1586:34)
    at SMTPConnection.<anonymous> (/home/tushar/Desktop/Testing/node_modules/nodemailer/lib/smtp-connection/index.js:554:26)
    at SMTPConnection._processResponse (/home/tushar/Desktop/Testing/node_modules/nodemailer/lib/smtp-connection/index.js:991:20)
    at SMTPConnection._onData (/home/tushar/Desktop/Testing/node_modules/nodemailer/lib/smtp-connection/index.js:772:14)
    at SMTPConnection._onSocketData (/home/tushar/Desktop/Testing/node_modules/nodemailer/lib/smtp-connection/index.js:195:44)
    at TLSSocket.emit (node:events:519:28)
    at addChunk (node:internal/streams/readable:559:12)
    at readableAddChunkPushByteMode (node:internal/streams/readable:510:3)
    at Readable.push (node:internal/streams/readable:390:5) {
  code: 'EAUTH',
  response: '535-5.7.8 Username and Password not accepted. For more information, go to\n' +
    '535 5.7.8  https://support.google.com/mail/?p=BadCredentials d2e1a72fcca58-72aad816171sm1178530b3a.10 - gsmtp',
  responseCode: 535,
  command: 'AUTH PLAIN'
}
[2024-12-19T18:12:31.575] [ERROR] node.mailer - Invalid Email Purpose
[2024-12-19T18:12:34.092] [ERROR] node.mailer - Error in SendMail Error: Invalid login: 535-5.7.8 Username and Password not accepted. For more information, go to
535 5.7.8  https://support.google.com/mail/?p=BadCredentials 98e67ed59e1d1-2f4478d577csm1264568a91.53 - gsmtp
    at SMTPConnection._formatError (/home/tushar/Desktop/Testing/node_modules/nodemailer/lib/smtp-connection/index.js:807:19)
    at SMTPConnection._actionAUTHComplete (/home/tushar/Desktop/Testing/node_modules/nodemailer/lib/smtp-connection/index.js:1586:34)
    at SMTPConnection.<anonymous> (/home/tushar/Desktop/Testing/node_modules/nodemailer/lib/smtp-connection/index.js:554:26)
    at SMTPConnection._processResponse (/home/tushar/Desktop/Testing/node_modules/nodemailer/lib/smtp-connection/index.js:991:20)
    at SMTPConnection._onData (/home/tushar/Desktop/Testing/node_modules/nodemailer/lib/smtp-connection/index.js:772:14)
    at SMTPConnection._onSocketData (/home/tushar/Desktop/Testing/node_modules/nodemailer/lib/smtp-connection/index.js:195:44)
    at TLSSocket.emit (node:events:519:28)
    at addChunk (node:internal/streams/readable:559:12)
    at readableAddChunkPushByteMode (node:internal/streams/readable:510:3)
    at Readable.push (node:internal/streams/readable:390:5) {
  code: 'EAUTH',
  response: '535-5.7.8 Username and Password not accepted. For more information, go to\n' +
    '535 5.7.8  https://support.google.com/mail/?p=BadCredentials 98e67ed59e1d1-2f4478d577csm1264568a91.53 - gsmtp',
  responseCode: 535,
  command: 'AUTH PLAIN'
}
[2024-12-19T22:38:12.135] [ERROR] middleware - [GET] /api/v1/auth/2fa-generate-secret >> StatusCode:: 400, Message:: Expected double-quoted property name in JSON at position 45
[2024-12-19T22:38:14.856] [ERROR] middleware - [GET] /api/v1/auth/2fa-generate-secret >> StatusCode:: 400, Message:: Expected double-quoted property name in JSON at position 45
[2024-12-20T12:03:59.970] [ERROR] node.mailer - Invalid Email Purpose
[2024-12-20T12:04:02.680] [ERROR] node.mailer - Error in SendMail Error: No recipients defined
    at SMTPConnection._formatError (/home/tushar/Desktop/Testing/node_modules/nodemailer/lib/smtp-connection/index.js:807:19)
    at SMTPConnection._setEnvelope (/home/tushar/Desktop/Testing/node_modules/nodemailer/lib/smtp-connection/index.js:1045:34)
    at SMTPConnection.send (/home/tushar/Desktop/Testing/node_modules/nodemailer/lib/smtp-connection/index.js:629:14)
    at sendMessage (/home/tushar/Desktop/Testing/node_modules/nodemailer/lib/smtp-transport/index.js:228:28)
    at /home/tushar/Desktop/Testing/node_modules/nodemailer/lib/smtp-transport/index.js:286:25
    at SMTPConnection._actionAUTHComplete (/home/tushar/Desktop/Testing/node_modules/nodemailer/lib/smtp-connection/index.js:1600:9)
    at SMTPConnection.<anonymous> (/home/tushar/Desktop/Testing/node_modules/nodemailer/lib/smtp-connection/index.js:554:26)
    at SMTPConnection._processResponse (/home/tushar/Desktop/Testing/node_modules/nodemailer/lib/smtp-connection/index.js:991:20)
    at SMTPConnection._onData (/home/tushar/Desktop/Testing/node_modules/nodemailer/lib/smtp-connection/index.js:772:14)
    at SMTPConnection._onSocketData (/home/tushar/Desktop/Testing/node_modules/nodemailer/lib/smtp-connection/index.js:195:44) {
  code: 'EENVELOPE',
  command: 'API'
}
[2024-12-20T12:05:37.886] [ERROR] node.mailer - Invalid Email Purpose
[2024-12-20T12:05:37.887] [ERROR] node.mailer - Error in SendMail ReferenceError: info is not defined
    at SendMail (/home/tushar/Desktop/Testing/src/utils/mail.handler.js:55:48)
    at AuthService.forgetPassword (/home/tushar/Desktop/Testing/src/service/auth.service.js:114:13)
    at process.processTicksAndRejections (node:internal/process/task_queues:95:5)
    at async AuthController.forgetpassword (/home/tushar/Desktop/Testing/src/controller/auth.controller.js:37:26)
[2024-12-20T12:06:23.548] [ERROR] node.mailer - Invalid Email Purpose
[2024-12-20T12:10:08.041] [ERROR] node.mailer - Invalid Email Purpose
[2024-12-20T12:10:51.102] [ERROR] node.mailer - Invalid Email Purpose
[2024-12-20T12:11:24.866] [ERROR] node.mailer - Invalid Email Purpose
[2024-12-20T12:11:45.901] [ERROR] node.mailer - Invalid Email Purpose
[2024-12-20T12:12:31.156] [ERROR] node.mailer - Invalid Email Purpose
[2024-12-20T13:01:09.695] [ERROR] middleware - [GET] /api/v1/auth/forget-password >> StatusCode:: 500, Message:: The "data" argument must be of type string or an instance of Buffer, TypedArray, or DataView. Received type number (743883)
[2024-12-20T13:02:58.062] [ERROR] middleware - [GET] /api/v1/auth/forget-password >> StatusCode:: 500, Message:: The "data" argument must be of type string or an instance of Buffer, TypedArray, or DataView. Received type number (724302)
[2024-12-20T13:04:37.050] [ERROR] middleware - [GET] /api/v1/auth/forget-password >> StatusCode:: 500, Message:: The "data" argument must be of type string or an instance of Buffer, TypedArray, or DataView. Received type number (206501)
[2024-12-20T13:05:50.697] [ERROR] middleware - [GET] /api/v1/auth/forget-password >> StatusCode:: 500, Message:: The "data" argument must be of type string or an instance of Buffer, TypedArray, or DataView. Received type number (627907)
[2024-12-20T13:06:33.005] [ERROR] middleware - [GET] /api/v1/auth/forget-password >> StatusCode:: 500, Message:: The "data" argument must be of type string or an instance of Buffer, TypedArray, or DataView. Received type number (319186)
[2024-12-20T13:07:04.727] [ERROR] middleware - [GET] /api/v1/auth/forget-password >> StatusCode:: 500, Message:: The "data" argument must be of type string or an instance of Buffer, TypedArray, or DataView. Received type number (580826)
[2024-12-20T13:14:39.661] [ERROR] middleware - [GET] /api/v1/auth/forget-password >> StatusCode:: 500, Message:: The "data" argument must be of type string or an instance of Buffer, TypedArray, or DataView. Received type number (725802)
[2024-12-20T13:14:50.652] [ERROR] middleware - [GET] /api/v1/auth/forget-password >> StatusCode:: 500, Message:: The "data" argument must be of type string or an instance of Buffer, TypedArray, or DataView. Received type number (554015)
[2024-12-20T13:16:41.092] [ERROR] middleware - [GET] /api/v1/auth/forget-password >> StatusCode:: 500, Message:: The "data" argument must be of type string or an instance of Buffer, TypedArray, or DataView. Received type number (313597)
[2024-12-20T13:44:45.662] [ERROR] middleware - [GET] /api/v1/auth/forget-password >> StatusCode:: 500, Message:: The "data" argument must be of type string or an instance of Buffer, TypedArray, or DataView. Received type number (221833)
[2024-12-20T13:46:51.003] [ERROR] middleware - [GET] /api/v1/auth/forget-password >> StatusCode:: 500, Message:: logger is not defined
[2024-12-20T14:12:10.153] [ERROR] middleware - [GET] /api/v1/auth/forget-password >> StatusCode:: 500, Message:: logger is not defined
[2024-12-20T14:12:57.286] [ERROR] middleware - [GET] /api/v1/auth/forget-password >> StatusCode:: 500, Message:: logger is not defined
[2024-12-20T14:13:23.072] [ERROR] middleware - [GET] /api/v1/auth/forget-password >> StatusCode:: 500, Message:: The "data" argument must be of type string or an instance of Buffer, TypedArray, or DataView. Received type number (995404)
[2024-12-20T14:13:40.865] [ERROR] middleware - [GET] /api/v1/auth/forget-password >> StatusCode:: 500, Message:: The "data" argument must be of type string or an instance of Buffer, TypedArray, or DataView. Received type number (178280)
[2024-12-20T14:14:14.776] [ERROR] middleware - [GET] /api/v1/auth/forget-password >> StatusCode:: 500, Message:: The "data" argument must be of type string or an instance of Buffer, TypedArray, or DataView. Received type number (805976)
[2024-12-20T14:14:46.908] [ERROR] middleware - [GET] /api/v1/auth/forget-password >> StatusCode:: 500, Message:: The "data" argument must be of type string or an instance of Buffer, TypedArray, or DataView. Received type number (773775)
[2024-12-20T14:15:31.037] [ERROR] middleware - [GET] /api/v1/auth/forget-password >> StatusCode:: 500, Message:: The "data" argument must be of type string or an instance of Buffer, TypedArray, or DataView. Received type number (366378)
[2024-12-20T14:15:48.757] [ERROR] middleware - [GET] /api/v1/auth/forget-password >> StatusCode:: 500, Message:: hashedOtp is not defined
[2024-12-20T14:18:52.471] [ERROR] middleware - [GET] /api/v1/auth/forget-password >> StatusCode:: 500, Message:: The "data" argument must be of type string or an instance of Buffer, TypedArray, or DataView. Received type number (731772)
[2024-12-20T14:27:16.254] [ERROR] middleware - [POST] /api/v1/auth/verify-otp >> StatusCode:: 500, Message:: The "data" argument must be of type string or an instance of Buffer, TypedArray, or DataView. Received undefined
[2024-12-20T14:54:28.030] [ERROR] middleware - [GET] /api/v1/auth/forget-password >> StatusCode:: 401, Message:: "otp" is not allowed
[2024-12-20T14:56:48.264] [ERROR] middleware - [GET] /api/v1/auth/forget-password >> StatusCode:: 401, Message:: "otp" is not allowed
[2024-12-20T14:57:29.728] [ERROR] middleware - [GET] /api/v1/auth/forget-password >> StatusCode:: 401, Message:: "otp" is not allowed
[2024-12-20T17:30:07.547] [ERROR] chat-handler - Cannot read properties of undefined (reading 'user')
[2024-12-20T17:52:37.190] [ERROR] auth.socket.middleware - HTTPException [Error]: Unauthorized. You must authenticate before accessing this resource.
    at Array.AuthSocket (/home/tushar/Desktop/Testing/src/middleware/auth.socket.middleware.js:13:20)
    at run (/home/tushar/Desktop/Testing/node_modules/socket.io/dist/namespace.js:130:19)
    at Namespace.run (/home/tushar/Desktop/Testing/node_modules/socket.io/dist/namespace.js:141:9)
    at Namespace._add (/home/tushar/Desktop/Testing/node_modules/socket.io/dist/namespace.js:218:14)
    at process.processTicksAndRejections (node:internal/process/task_queues:95:5) {
  status: 401,
  data: undefined
}
[2024-12-20T17:53:02.181] [ERROR] auth.socket.middleware - HTTPException [Error]: Unauthorized. You must authenticate before accessing this resource.
    at Array.AuthSocket (/home/tushar/Desktop/Testing/src/middleware/auth.socket.middleware.js:14:20)
    at run (/home/tushar/Desktop/Testing/node_modules/socket.io/dist/namespace.js:130:19)
    at Namespace.run (/home/tushar/Desktop/Testing/node_modules/socket.io/dist/namespace.js:141:9)
    at Namespace._add (/home/tushar/Desktop/Testing/node_modules/socket.io/dist/namespace.js:218:14)
    at process.processTicksAndRejections (node:internal/process/task_queues:95:5) {
  status: 401,
  data: undefined
}
[2024-12-20T17:59:36.458] [ERROR] chat-handler - Chat.create is not a constructor
[2024-12-20T18:03:04.278] [ERROR] chat-handler - Cannot read properties of undefined (reading 'create')
[2024-12-20T18:04:34.554] [ERROR] chat-handler - Chat.create is not a constructor
[2024-12-20T18:04:36.679] [ERROR] chat-handler - Chat.create is not a constructor
[2024-12-20T18:08:38.149] [ERROR] chat-handler - newChat is not defined
[2024-12-20T18:08:54.998] [ERROR] chat-handler - Chat validation failed: roomId: Path `roomId` is required., sender: Path `sender` is required., message: Path `message` is required.
[2024-12-20T18:14:11.707] [ERROR] chat-handler - Chat validation failed: roomId: Path `roomId` is required., sender: Path `sender` is required., message: Path `message` is required.
[2024-12-24T12:53:54.750] [ERROR] app - MongoParseError: Invalid scheme, expected connection string to start with "mongodb://" or "mongodb+srv://"
    at new ConnectionString (/home/tushar/Desktop/Testing/node_modules/mongodb-connection-string-url/lib/index.js:86:19)
    at parseOptions (/home/tushar/Desktop/Testing/node_modules/mongodb/lib/connection_string.js:185:17)
    at new MongoClient (/home/tushar/Desktop/Testing/node_modules/mongodb/lib/mongo_client.js:53:63)
    at NativeConnection.createClient (/home/tushar/Desktop/Testing/node_modules/mongoose/lib/drivers/node-mongodb-native/connection.js:312:14)
    at NativeConnection.openUri (/home/tushar/Desktop/Testing/node_modules/mongoose/lib/connection.js:835:34)
    at Mongoose.connect (/home/tushar/Desktop/Testing/node_modules/mongoose/lib/mongoose.js:447:15)
    at App.DatabaseConnection (/home/tushar/Desktop/Testing/src/app.js:34:20)
    at new App (/home/tushar/Desktop/Testing/src/app.js:19:10)
    at start (/home/tushar/Desktop/Testing/server.js:9:17)
    at Object.<anonymous> (/home/tushar/Desktop/Testing/server.js:13:1)
[2024-12-24T12:56:31.335] [ERROR] app - MongoParseError: Invalid scheme, expected connection string to start with "mongodb://" or "mongodb+srv://"
    at new ConnectionString (/home/tushar/Desktop/Testing/node_modules/mongodb-connection-string-url/lib/index.js:86:19)
    at parseOptions (/home/tushar/Desktop/Testing/node_modules/mongodb/lib/connection_string.js:185:17)
    at new MongoClient (/home/tushar/Desktop/Testing/node_modules/mongodb/lib/mongo_client.js:53:63)
    at NativeConnection.createClient (/home/tushar/Desktop/Testing/node_modules/mongoose/lib/drivers/node-mongodb-native/connection.js:312:14)
    at NativeConnection.openUri (/home/tushar/Desktop/Testing/node_modules/mongoose/lib/connection.js:835:34)
    at Mongoose.connect (/home/tushar/Desktop/Testing/node_modules/mongoose/lib/mongoose.js:447:15)
    at App.DatabaseConnection (/home/tushar/Desktop/Testing/src/app.js:34:20)
    at new App (/home/tushar/Desktop/Testing/src/app.js:19:10)
    at start (/home/tushar/Desktop/Testing/server.js:9:17)
    at Object.<anonymous> (/home/tushar/Desktop/Testing/server.js:13:1)
[2024-12-24T12:56:55.862] [ERROR] app - MongoParseError: Invalid scheme, expected connection string to start with "mongodb://" or "mongodb+srv://"
    at new ConnectionString (/home/tushar/Desktop/Testing/node_modules/mongodb-connection-string-url/lib/index.js:86:19)
    at parseOptions (/home/tushar/Desktop/Testing/node_modules/mongodb/lib/connection_string.js:185:17)
    at new MongoClient (/home/tushar/Desktop/Testing/node_modules/mongodb/lib/mongo_client.js:53:63)
    at NativeConnection.createClient (/home/tushar/Desktop/Testing/node_modules/mongoose/lib/drivers/node-mongodb-native/connection.js:312:14)
    at NativeConnection.openUri (/home/tushar/Desktop/Testing/node_modules/mongoose/lib/connection.js:835:34)
    at Mongoose.connect (/home/tushar/Desktop/Testing/node_modules/mongoose/lib/mongoose.js:447:15)
    at App.DatabaseConnection (/home/tushar/Desktop/Testing/src/app.js:34:20)
    at new App (/home/tushar/Desktop/Testing/src/app.js:19:10)
    at start (/home/tushar/Desktop/Testing/server.js:9:17)
    at Object.<anonymous> (/home/tushar/Desktop/Testing/server.js:13:1)
[2024-12-24T12:58:49.855] [ERROR] app - MongoParseError: Invalid scheme, expected connection string to start with "mongodb://" or "mongodb+srv://"
    at new ConnectionString (/home/tushar/Desktop/Testing/node_modules/mongodb-connection-string-url/lib/index.js:86:19)
    at parseOptions (/home/tushar/Desktop/Testing/node_modules/mongodb/lib/connection_string.js:185:17)
    at new MongoClient (/home/tushar/Desktop/Testing/node_modules/mongodb/lib/mongo_client.js:53:63)
    at NativeConnection.createClient (/home/tushar/Desktop/Testing/node_modules/mongoose/lib/drivers/node-mongodb-native/connection.js:312:14)
    at NativeConnection.openUri (/home/tushar/Desktop/Testing/node_modules/mongoose/lib/connection.js:835:34)
    at Mongoose.connect (/home/tushar/Desktop/Testing/node_modules/mongoose/lib/mongoose.js:447:15)
    at App.DatabaseConnection (/home/tushar/Desktop/Testing/src/app.js:34:20)
    at new App (/home/tushar/Desktop/Testing/src/app.js:19:10)
    at start (/home/tushar/Desktop/Testing/server.js:9:17)
    at Object.<anonymous> (/home/tushar/Desktop/Testing/server.js:13:1)
[2024-12-24T14:31:58.364] [ERROR] chat-handler - Chat validation failed: sender: Path `sender` is required.
[2024-12-24T14:32:23.137] [ERROR] chat-handler - Chat validation failed: sender: Path `sender` is required.
[2024-12-24T14:32:26.113] [ERROR] chat-handler - Chat validation failed: sender: Path `sender` is required.
[2024-12-24T16:14:13.941] [ERROR] app - MongoParseError: Invalid scheme, expected connection string to start with "mongodb://" or "mongodb+srv://"
    at new ConnectionString (/home/tushar/Desktop/Testing/node_modules/mongodb-connection-string-url/lib/index.js:86:19)
    at parseOptions (/home/tushar/Desktop/Testing/node_modules/mongodb/lib/connection_string.js:185:17)
    at new MongoClient (/home/tushar/Desktop/Testing/node_modules/mongodb/lib/mongo_client.js:53:63)
    at NativeConnection.createClient (/home/tushar/Desktop/Testing/node_modules/mongoose/lib/drivers/node-mongodb-native/connection.js:312:14)
    at NativeConnection.openUri (/home/tushar/Desktop/Testing/node_modules/mongoose/lib/connection.js:835:34)
    at Mongoose.connect (/home/tushar/Desktop/Testing/node_modules/mongoose/lib/mongoose.js:447:15)
    at App.DatabaseConnection (/home/tushar/Desktop/Testing/src/app.js:34:20)
    at new App (/home/tushar/Desktop/Testing/src/app.js:19:10)
    at start (/home/tushar/Desktop/Testing/server.js:9:17)
    at Object.<anonymous> (/home/tushar/Desktop/Testing/server.js:13:1)
